\BOOKMARK [0][-]{chapter.1}{PROJECT OVERVIEW}{}% 1
\BOOKMARK [1][-]{section.1.1}{Motivation}{chapter.1}% 2
\BOOKMARK [1][-]{section.1.2}{Problem Statement}{chapter.1}% 3
\BOOKMARK [2][-]{subsection.1.2.1}{Understanding Baadal networking architecture}{section.1.2}% 4
\BOOKMARK [2][-]{subsection.1.2.2}{Introducing the SDN based control in Baadal using Floodlight}{section.1.2}% 5
\BOOKMARK [2][-]{subsection.1.2.3}{Policy control design for the InterVLan communication}{section.1.2}% 6
\BOOKMARK [2][-]{subsection.1.2.4}{Traffic Measurement among VMs and VM consolidation}{section.1.2}% 7
\BOOKMARK [2][-]{subsection.1.2.5}{Observation and Comparison of Results}{section.1.2}% 8
\BOOKMARK [0][-]{chapter.2}{Introduction and Related Work}{}% 9
\BOOKMARK [1][-]{section.2.1}{Virtualisation}{chapter.2}% 10
\BOOKMARK [2][-]{subsection.2.1.1}{Types of Virtualisation}{section.2.1}% 11
\BOOKMARK [2][-]{subsection.2.1.2}{Benefits of Virtualisation}{section.2.1}% 12
\BOOKMARK [1][-]{section.2.2}{Network Virtualisation}{chapter.2}% 13
\BOOKMARK [2][-]{subsection.2.2.1}{VLAN based virtualisation}{section.2.2}% 14
\BOOKMARK [2][-]{subsection.2.2.2}{VM-aware networking}{section.2.2}% 15
\BOOKMARK [2][-]{subsection.2.2.3}{VCDNI}{section.2.2}% 16
\BOOKMARK [1][-]{section.2.3}{Software Defined Networking}{chapter.2}% 17
\BOOKMARK [2][-]{subsection.2.3.1}{Overview}{section.2.3}% 18
\BOOKMARK [2][-]{subsection.2.3.2}{Need for SDN}{section.2.3}% 19
\BOOKMARK [2][-]{subsection.2.3.3}{Data and Control planes}{section.2.3}% 20
\BOOKMARK [2][-]{subsection.2.3.4}{OpenFlow}{section.2.3}% 21
\BOOKMARK [2][-]{subsection.2.3.5}{SDN Controller}{section.2.3}% 22
\BOOKMARK [1][-]{section.2.4}{Baadal: IIT Delhi's Private Cloud}{chapter.2}% 23
\BOOKMARK [2][-]{subsection.2.4.1}{Baadal sandbox}{section.2.4}% 24
\BOOKMARK [2][-]{subsection.2.4.2}{Netmap}{section.2.4}% 25
\BOOKMARK [1][-]{section.2.5}{Related Work}{chapter.2}% 26
\BOOKMARK [2][-]{subsection.2.5.1}{Data Center architectures}{section.2.5}% 27
\BOOKMARK [2][-]{subsection.2.5.2}{SDN based Scheme for Virtual network management}{section.2.5}% 28
\BOOKMARK [2][-]{subsection.2.5.3}{Online traffic aware virtual machine placement in data center networks}{section.2.5}% 29
\BOOKMARK [2][-]{subsection.2.5.4}{Traffic Engineering}{section.2.5}% 30
\BOOKMARK [2][-]{subsection.2.5.5}{Network Function Virtualization}{section.2.5}% 31
\BOOKMARK [0][-]{chapter.3}{Simulation tools and Introduction to Baadal Architecture}{}% 32
\BOOKMARK [1][-]{section.3.1}{Mininet}{chapter.3}% 33
\BOOKMARK [1][-]{section.3.2}{Overview of Baadal Networking Architecture}{chapter.3}% 34
\BOOKMARK [0][-]{chapter.4}{Baadal Sandbox Setup Usage}{}% 35
\BOOKMARK [0][-]{chapter.5}{Introduction to SDN based Application}{}% 36
\BOOKMARK [1][-]{section.5.1}{Introduction to Floodlight}{chapter.5}% 37
\BOOKMARK [1][-]{section.5.2}{Floodlight Architecture}{chapter.5}% 38
\BOOKMARK [1][-]{section.5.3}{Baadal Sandbox setup}{chapter.5}% 39
\BOOKMARK [1][-]{section.5.4}{Inter-VLan Issues and Modifications suggested}{chapter.5}% 40
\BOOKMARK [2][-]{subsection.5.4.1}{How do VMs communicate? }{section.5.4}% 41
\BOOKMARK [2][-]{subsection.5.4.2}{Limitation in present architecture}{section.5.4}% 42
\BOOKMARK [2][-]{subsection.5.4.3}{Modification in Network Architecture}{section.5.4}% 43
\BOOKMARK [1][-]{section.5.5}{Introduction to Policy routing application}{chapter.5}% 44
\BOOKMARK [1][-]{section.5.6}{Application that we are working on: Functionalities}{chapter.5}% 45
\BOOKMARK [1][-]{section.5.7}{Floodlight modules}{chapter.5}% 46
\BOOKMARK [2][-]{subsection.5.7.1}{Module Loading System}{section.5.7}% 47
\BOOKMARK [2][-]{subsection.5.7.2}{How to write a Module}{section.5.7}% 48
\BOOKMARK [2][-]{subsection.5.7.3}{Module: Baadal}{section.5.7}% 49
\BOOKMARK [1][-]{section.5.8}{How do VMs communicate after implementation of application}{chapter.5}% 50
\BOOKMARK [1][-]{section.5.9}{Application pseudo code}{chapter.5}% 51
\BOOKMARK [0][-]{chapter.6}{Results, Conclusion and Future Work}{}% 52
\BOOKMARK [1][-]{section.6.1}{Comparison of SDN based solution in terms of Bandwidth}{chapter.6}% 53
\BOOKMARK [1][-]{section.6.2}{Results for VMs consolidation application}{chapter.6}% 54
\BOOKMARK [1][-]{section.6.3}{Load balancing application}{chapter.6}% 55
\BOOKMARK [1][-]{section.6.4}{Conclusion}{chapter.6}% 56
\BOOKMARK [1][-]{section.6.5}{Future Work}{chapter.6}% 57
\BOOKMARK [0][-]{chapter*.17}{Bibliography}{}% 58
