This is pdfTeX, Version 3.14159265-2.6-1.40.15 (TeX Live 2014) (preloaded format=pdflatex 2014.9.29)  16 MAY 2016 13:24
entering extended mode
 \write18 enabled.
 %&-line parsing enabled.
**Thesis.tex
(./Thesis.tex
LaTeX2e <2014/05/01>
Babel <3.9k> and hyphenation patterns for 78 languages loaded.
(/usr/local/texlive/2014/texmf-dist/tex/latex/base/report.cls
Document Class: report 2007/10/19 v1.4h Standard LaTeX document class
(/usr/local/texlive/2014/texmf-dist/tex/latex/base/size12.clo
File: size12.clo 2007/10/19 v1.4h Standard LaTeX file (size option)
)
\c@part=\count79
\c@chapter=\count80
\c@section=\count81
\c@subsection=\count82
\c@subsubsection=\count83
\c@paragraph=\count84
\c@subparagraph=\count85
\c@figure=\count86
\c@table=\count87
\abovecaptionskip=\skip41
\belowcaptionskip=\skip42
\bibindent=\dimen102
)
(/usr/local/texlive/2014/texmf-dist/tex/latex/graphics/graphicx.sty
Package: graphicx 2014/04/25 v1.0g Enhanced LaTeX Graphics (DPC,SPQR)

(/usr/local/texlive/2014/texmf-dist/tex/latex/graphics/keyval.sty
Package: keyval 2014/05/08 v1.15 key=value parser (DPC)
\KV@toks@=\toks14
)
(/usr/local/texlive/2014/texmf-dist/tex/latex/graphics/graphics.sty
Package: graphics 2009/02/05 v1.0o Standard LaTeX Graphics (DPC,SPQR)

(/usr/local/texlive/2014/texmf-dist/tex/latex/graphics/trig.sty
Package: trig 1999/03/16 v1.09 sin cos tan (DPC)
)
(/usr/local/texlive/2014/texmf-dist/tex/latex/latexconfig/graphics.cfg
File: graphics.cfg 2010/04/23 v1.9 graphics configuration of TeX Live
)
Package graphics Info: Driver file: pdftex.def on input line 91.

(/usr/local/texlive/2014/texmf-dist/tex/latex/pdftex-def/pdftex.def
File: pdftex.def 2011/05/27 v0.06d Graphics/color for pdfTeX

(/usr/local/texlive/2014/texmf-dist/tex/generic/oberdiek/infwarerr.sty
Package: infwarerr 2010/04/08 v1.3 Providing info/warning/error messages (HO)
)
(/usr/local/texlive/2014/texmf-dist/tex/generic/oberdiek/ltxcmds.sty
Package: ltxcmds 2011/11/09 v1.22 LaTeX kernel commands for general use (HO)
)
\Gread@gobject=\count88
))
\Gin@req@height=\dimen103
\Gin@req@width=\dimen104
)
(/usr/local/texlive/2014/texmf-dist/tex/latex/subfig/subfig.sty
Package: subfig 2005/06/28 ver: 1.3 subfig package

(/usr/local/texlive/2014/texmf-dist/tex/latex/caption/caption.sty
Package: caption 2013/05/02 v3.3-89 Customizing captions (AR)

(/usr/local/texlive/2014/texmf-dist/tex/latex/caption/caption3.sty
Package: caption3 2013/05/02 v1.6-88 caption3 kernel (AR)
Package caption3 Info: TeX engine: e-TeX on input line 57.
\captionmargin=\dimen105
\captionmargin@=\dimen106
\captionwidth=\dimen107
\caption@tempdima=\dimen108
\caption@indent=\dimen109
\caption@parindent=\dimen110
\caption@hangindent=\dimen111
)
\c@ContinuedFloat=\count89
)
\c@KVtest=\count90
\sf@farskip=\skip43
\sf@captopadj=\dimen112
\sf@capskip=\skip44
\sf@nearskip=\skip45
\c@subfigure=\count91
\c@subfigure@save=\count92
\c@lofdepth=\count93
\c@subtable=\count94
\c@subtable@save=\count95
\c@lotdepth=\count96
\sf@top=\skip46
\sf@bottom=\skip47
)
(/usr/local/texlive/2014/texmf-dist/tex/latex/float/float.sty
Package: float 2001/11/08 v1.3d Float enhancements (AL)
\c@float@type=\count97
\float@exts=\toks15
\float@box=\box26
\@float@everytoks=\toks16
\@floatcapt=\box27
)
(/usr/local/texlive/2014/texmf-dist/tex/latex/fancyhdr/fancyhdr.sty
\fancy@headwidth=\skip48
\f@ncyO@elh=\skip49
\f@ncyO@erh=\skip50
\f@ncyO@olh=\skip51
\f@ncyO@orh=\skip52
\f@ncyO@elf=\skip53
\f@ncyO@erf=\skip54
\f@ncyO@olf=\skip55
\f@ncyO@orf=\skip56
)
(/usr/local/texlive/2014/texmf-dist/tex/latex/base/makeidx.sty
Package: makeidx 2000/03/29 v1.0m Standard LaTeX package
)
(/usr/local/texlive/2014/texmf-dist/tex/latex/tocbibind/tocbibind.sty
Package: tocbibind 2010/10/13 v1.5k extra ToC listings
Package tocbibind Info: The document has chapter divisions on input line 50.


Package tocbibind Note: Using chapter style headings, unless overridden.

) (/usr/local/texlive/2014/texmf-dist/tex/latex/supertabular/supertabular.sty
Package: supertabular 2004/02/20 v4.1e the supertabular environment
\c@tracingst=\count98
\ST@wd=\dimen113
\ST@rightskip=\skip57
\ST@leftskip=\skip58
\ST@parfillskip=\skip59
\ST@pageleft=\dimen114
\ST@headht=\dimen115
\ST@tailht=\dimen116
\ST@pagesofar=\dimen117
\ST@pboxht=\dimen118
\ST@lineht=\dimen119
\ST@stretchht=\dimen120
\ST@prevht=\dimen121
\ST@toadd=\dimen122
\ST@dimen=\dimen123
\ST@pbox=\box28
)
(/usr/local/texlive/2014/texmf-dist/tex/latex/tools/array.sty
Package: array 2008/09/09 v2.4c Tabular extension package (FMi)
\col@sep=\dimen124
\extrarowheight=\dimen125
\NC@list=\toks17
\extratabsurround=\skip60
\backup@length=\skip61
)
(/usr/local/texlive/2014/texmf-dist/tex/latex/setspace/setspace.sty
Package: setspace 2011/12/19 v6.7a set line spacing
)
(/usr/local/texlive/2014/texmf-dist/tex/latex/tools/enumerate.sty
Package: enumerate 1999/03/05 v3.00 enumerate extensions (DPC)
\@enLab=\toks18
)
(/usr/local/texlive/2014/texmf-dist/tex/latex/rotating/rotating.sty
Package: rotating 2009/03/28 v2.16a rotated objects in LaTeX

(/usr/local/texlive/2014/texmf-dist/tex/latex/base/ifthen.sty
Package: ifthen 2001/05/26 v1.1c Standard LaTeX ifthen package (DPC)
)
\c@r@tfl@t=\count99
\rotFPtop=\skip62
\rotFPbot=\skip63
\rot@float@box=\box29
\rot@mess@toks=\toks19
)
(/usr/local/texlive/2014/texmf-dist/tex/latex/moreverb/moreverb.sty
Package: moreverb 2008/06/03 v2.3a `more' verbatim facilities

(/usr/local/texlive/2014/texmf-dist/tex/latex/tools/verbatim.sty
Package: verbatim 2003/08/22 v1.5q LaTeX2e package for verbatim enhancements
\every@verbatim=\toks20
\verbatim@line=\toks21
\verbatim@in@stream=\read1
)
\tab@position=\count100
\tab@size=\count101
\listing@line=\count102
)
(/usr/local/texlive/2014/texmf-dist/tex/latex/multirow/multirow.sty
\bigstrutjot=\dimen126
)
(/usr/local/texlive/2014/texmf-dist/tex/latex/amsmath/amsmath.sty
Package: amsmath 2013/01/14 v2.14 AMS math features
\@mathmargin=\skip64

For additional information on amsmath, use the `?' option.
(/usr/local/texlive/2014/texmf-dist/tex/latex/amsmath/amstext.sty
Package: amstext 2000/06/29 v2.01

(/usr/local/texlive/2014/texmf-dist/tex/latex/amsmath/amsgen.sty
File: amsgen.sty 1999/11/30 v2.0
\@emptytoks=\toks22
\ex@=\dimen127
))
(/usr/local/texlive/2014/texmf-dist/tex/latex/amsmath/amsbsy.sty
Package: amsbsy 1999/11/29 v1.2d
\pmbraise@=\dimen128
)
(/usr/local/texlive/2014/texmf-dist/tex/latex/amsmath/amsopn.sty
Package: amsopn 1999/12/14 v2.01 operator names
)
\inf@bad=\count103
LaTeX Info: Redefining \frac on input line 210.
\uproot@=\count104
\leftroot@=\count105
LaTeX Info: Redefining \overline on input line 306.
\classnum@=\count106
\DOTSCASE@=\count107
LaTeX Info: Redefining \ldots on input line 378.
LaTeX Info: Redefining \dots on input line 381.
LaTeX Info: Redefining \cdots on input line 466.
\Mathstrutbox@=\box30
\strutbox@=\box31
\big@size=\dimen129
LaTeX Font Info:    Redeclaring font encoding OML on input line 566.
LaTeX Font Info:    Redeclaring font encoding OMS on input line 567.
\macc@depth=\count108
\c@MaxMatrixCols=\count109
\dotsspace@=\muskip10
\c@parentequation=\count110
\dspbrk@lvl=\count111
\tag@help=\toks23
\row@=\count112
\column@=\count113
\maxfields@=\count114
\andhelp@=\toks24
\eqnshift@=\dimen130
\alignsep@=\dimen131
\tagshift@=\dimen132
\tagwidth@=\dimen133
\totwidth@=\dimen134
\lineht@=\dimen135
\@envbody=\toks25
\multlinegap=\skip65
\multlinetaggap=\skip66
\mathdisplay@stack=\toks26
LaTeX Info: Redefining \[ on input line 2665.
LaTeX Info: Redefining \] on input line 2666.
)
(/usr/local/texlive/2014/texmf-dist/tex/latex/amscls/amsthm.sty
Package: amsthm 2004/08/06 v2.20
\thm@style=\toks27
\thm@bodyfont=\toks28
\thm@headfont=\toks29
\thm@notefont=\toks30
\thm@headpunct=\toks31
\thm@preskip=\skip67
\thm@postskip=\skip68
\thm@headsep=\skip69
\dth@everypar=\toks32
)
(/usr/local/texlive/2014/texmf-dist/tex/latex/amsfonts/amssymb.sty
Package: amssymb 2013/01/14 v3.01 AMS font symbols

(/usr/local/texlive/2014/texmf-dist/tex/latex/amsfonts/amsfonts.sty
Package: amsfonts 2013/01/14 v3.01 Basic AMSFonts support
\symAMSa=\mathgroup4
\symAMSb=\mathgroup5
LaTeX Font Info:    Overwriting math alphabet `\mathfrak' in version `bold'
(Font)                  U/euf/m/n --> U/euf/b/n on input line 106.
))
(/usr/local/texlive/2014/texmf-dist/tex/latex/captcont/captcont.sty
Package: captcont 2002/02/14 v2.0 captcont package
)
(/usr/local/texlive/2014/texmf-dist/tex/latex/titlesec/titlesec.sty
Package: titlesec 2011/12/15 v2.10.0 Sectioning titles
\ttl@box=\box32
\beforetitleunit=\skip70
\aftertitleunit=\skip71
\ttl@plus=\dimen136
\ttl@minus=\dimen137
\ttl@toksa=\toks33
\titlewidth=\dimen138
\titlewidthlast=\dimen139
\titlewidthfirst=\dimen140
)
(/usr/local/texlive/2014/texmf-dist/tex/latex/url/url.sty
\Urlmuskip=\muskip11
Package: url 2013/09/16  ver 3.4  Verb mode for urls, etc.
)
(/usr/local/texlive/2014/texmf-dist/tex/latex/hyperref/hyperref.sty
Package: hyperref 2012/11/06 v6.83m Hypertext links for LaTeX

(/usr/local/texlive/2014/texmf-dist/tex/generic/oberdiek/hobsub-hyperref.sty
Package: hobsub-hyperref 2012/05/28 v1.13 Bundle oberdiek, subset hyperref (HO)


(/usr/local/texlive/2014/texmf-dist/tex/generic/oberdiek/hobsub-generic.sty
Package: hobsub-generic 2012/05/28 v1.13 Bundle oberdiek, subset generic (HO)
Package: hobsub 2012/05/28 v1.13 Construct package bundles (HO)
Package hobsub Info: Skipping package `infwarerr' (already loaded).
Package hobsub Info: Skipping package `ltxcmds' (already loaded).
Package: ifluatex 2010/03/01 v1.3 Provides the ifluatex switch (HO)
Package ifluatex Info: LuaTeX not detected.
Package: ifvtex 2010/03/01 v1.5 Detect VTeX and its facilities (HO)
Package ifvtex Info: VTeX not detected.
Package: intcalc 2007/09/27 v1.1 Expandable calculations with integers (HO)
Package: ifpdf 2011/01/30 v2.3 Provides the ifpdf switch (HO)
Package ifpdf Info: pdfTeX in PDF mode is detected.
Package: etexcmds 2011/02/16 v1.5 Avoid name clashes with e-TeX commands (HO)
Package etexcmds Info: Could not find \expanded.
(etexcmds)             That can mean that you are not using pdfTeX 1.50 or
(etexcmds)             that some package has redefined \expanded.
(etexcmds)             In the latter case, load this package earlier.
Package: kvsetkeys 2012/04/25 v1.16 Key value parser (HO)
Package: kvdefinekeys 2011/04/07 v1.3 Define keys (HO)
Package: pdftexcmds 2011/11/29 v0.20 Utility functions of pdfTeX for LuaTeX (HO
)
Package pdftexcmds Info: LuaTeX not detected.
Package pdftexcmds Info: \pdf@primitive is available.
Package pdftexcmds Info: \pdf@ifprimitive is available.
Package pdftexcmds Info: \pdfdraftmode found.
Package: pdfescape 2011/11/25 v1.13 Implements pdfTeX's escape features (HO)
Package: bigintcalc 2012/04/08 v1.3 Expandable calculations on big integers (HO
)
Package: bitset 2011/01/30 v1.1 Handle bit-vector datatype (HO)
Package: uniquecounter 2011/01/30 v1.2 Provide unlimited unique counter (HO)
)
Package hobsub Info: Skipping package `hobsub' (already loaded).
Package: letltxmacro 2010/09/02 v1.4 Let assignment for LaTeX macros (HO)
Package: hopatch 2012/05/28 v1.2 Wrapper for package hooks (HO)
Package: xcolor-patch 2011/01/30 xcolor patch
Package: atveryend 2011/06/30 v1.8 Hooks at the very end of document (HO)
Package atveryend Info: \enddocument detected (standard20110627).
Package: atbegshi 2011/10/05 v1.16 At begin shipout hook (HO)
Package: refcount 2011/10/16 v3.4 Data extraction from label references (HO)
Package: hycolor 2011/01/30 v1.7 Color options for hyperref/bookmark (HO)
)
(/usr/local/texlive/2014/texmf-dist/tex/generic/ifxetex/ifxetex.sty
Package: ifxetex 2010/09/12 v0.6 Provides ifxetex conditional
)
(/usr/local/texlive/2014/texmf-dist/tex/latex/oberdiek/auxhook.sty
Package: auxhook 2011/03/04 v1.3 Hooks for auxiliary files (HO)
)
(/usr/local/texlive/2014/texmf-dist/tex/latex/oberdiek/kvoptions.sty
Package: kvoptions 2011/06/30 v3.11 Key value format for package options (HO)
)
\@linkdim=\dimen141
\Hy@linkcounter=\count115
\Hy@pagecounter=\count116

(/usr/local/texlive/2014/texmf-dist/tex/latex/hyperref/pd1enc.def
File: pd1enc.def 2012/11/06 v6.83m Hyperref: PDFDocEncoding definition (HO)
)
\Hy@SavedSpaceFactor=\count117

(/usr/local/texlive/2014/texmf-dist/tex/latex/latexconfig/hyperref.cfg
File: hyperref.cfg 2002/06/06 v1.2 hyperref configuration of TeXLive
)
Package hyperref Info: Hyper figures OFF on input line 4443.
Package hyperref Info: Link nesting OFF on input line 4448.
Package hyperref Info: Hyper index ON on input line 4451.
Package hyperref Info: Plain pages OFF on input line 4458.
Package hyperref Info: Backreferencing OFF on input line 4463.
Package hyperref Info: Implicit mode ON; LaTeX internals redefined.
Package hyperref Info: Bookmarks ON on input line 4688.
\c@Hy@tempcnt=\count118
LaTeX Info: Redefining \url on input line 5041.
\XeTeXLinkMargin=\dimen142
\Fld@menulength=\count119
\Field@Width=\dimen143
\Fld@charsize=\dimen144
Package hyperref Info: Hyper figures OFF on input line 6295.
Package hyperref Info: Link nesting OFF on input line 6300.
Package hyperref Info: Hyper index ON on input line 6303.
Package hyperref Info: backreferencing OFF on input line 6310.
Package hyperref Info: Link coloring OFF on input line 6315.
Package hyperref Info: Link coloring with OCG OFF on input line 6320.
Package hyperref Info: PDF/A mode OFF on input line 6325.
LaTeX Info: Redefining \ref on input line 6365.
LaTeX Info: Redefining \pageref on input line 6369.
\Hy@abspage=\count120
\c@Item=\count121
\c@Hfootnote=\count122
)

Package hyperref Message: Driver (autodetected): hpdftex.

(/usr/local/texlive/2014/texmf-dist/tex/latex/hyperref/hpdftex.def
File: hpdftex.def 2012/11/06 v6.83m Hyperref driver for pdfTeX
\Fld@listcount=\count123
\c@bookmark@seq@number=\count124

(/usr/local/texlive/2014/texmf-dist/tex/latex/oberdiek/rerunfilecheck.sty
Package: rerunfilecheck 2011/04/15 v1.7 Rerun checks for auxiliary files (HO)
Package uniquecounter Info: New unique counter `rerunfilecheck' on input line 2
82.
)
\Hy@SectionHShift=\skip72
)
(/usr/local/texlive/2014/texmf-dist/tex/latex/lipsum/lipsum.sty
Package: lipsum 2011/04/14 v1.2 150 paragraphs of Lorem Ipsum dummy text
\c@lips@count=\count125
)
(/usr/local/texlive/2014/texmf-dist/tex/latex/algorithm2e/algorithm2e.sty
Package: algorithm2e 2013/01/06 v5.00 algorithms environments
\c@AlgoLine=\count126

(/usr/local/texlive/2014/texmf-dist/tex/latex/tools/xspace.sty
Package: xspace 2009/10/20 v1.13 Space after command names (DPC,MH)
)
(/usr/local/texlive/2014/texmf-dist/tex/latex/relsize/relsize.sty
Package: relsize 2013/03/29 ver 4.1
)
********************************************************
Package `algorithm2e' Release 5.0 -- january 06 2013 --
- algorithm2e-announce@lirmm.fr mailing list for announcement about releases
- algorithm2e-discussion@lirmm.fr mailing list for discussion about package
subscribe by emailing sympa@lirmm.fr with 'subscribe <list> <firstname name>'
- Author: Christophe Fiorio (cfiorio@um2.fr)
********************************************************
\skiptotal=\skip73
\skiplinenumber=\skip74
\skiprule=\skip75
\skiphlne=\skip76
\skiptext=\skip77
\skiplength=\skip78
\algomargin=\skip79
\skipalgocfslide=\skip80
\algowidth=\dimen145
\inoutsize=\dimen146
\inoutindent=\dimen147
\interspacetitleruled=\dimen148
\interspacealgoruled=\dimen149
\interspacetitleboxruled=\dimen150
\algocf@inoutbox=\box33
\algocf@inputbox=\box34
\AlCapSkip=\skip81
\AlCapHSkip=\skip82
\algoskipindent=\skip83
\algocf@nlbox=\box35
\algocf@hangingbox=\box36
\algocf@untilbox=\box37
\algocf@skipuntil=\skip84
\algocf@capbox=\box38
\algoheightruledefault=\skip85
\algoheightrule=\skip86
\algotitleheightruledefault=\skip87
\algotitleheightrule=\skip88
\c@algocfline=\count127
\c@algocfproc=\count128
\c@algocf=\count129
\algocf@algoframe=\box39
\algocf@algobox=\box40
)

Package Fancyhdr Warning: \fancyhead's `E' option without twoside option is use
less on input line 51.


Package Fancyhdr Warning: \fancyhead's `E' option without twoside option is use
less on input line 53.

\@float@every@figure=\toks34
\c@claim=\count130
\c@theorem=\count131
\c@defn=\count132
\c@fact=\count133
(./Thesis.aux (./titlepage.aux) (./certificate.aux) (./abstract.aux)
(./acknowledgement.aux) (./chapter1.aux) (./chapter2.aux) (./chapter3.aux)
(./chapter4.aux) (./chapter5.aux) (./chapter6.aux))
\openout1 = `Thesis.aux'.

LaTeX Font Info:    Checking defaults for OML/cmm/m/it on input line 98.
LaTeX Font Info:    ... okay on input line 98.
LaTeX Font Info:    Checking defaults for T1/cmr/m/n on input line 98.
LaTeX Font Info:    ... okay on input line 98.
LaTeX Font Info:    Checking defaults for OT1/cmr/m/n on input line 98.
LaTeX Font Info:    ... okay on input line 98.
LaTeX Font Info:    Checking defaults for OMS/cmsy/m/n on input line 98.
LaTeX Font Info:    ... okay on input line 98.
LaTeX Font Info:    Checking defaults for OMX/cmex/m/n on input line 98.
LaTeX Font Info:    ... okay on input line 98.
LaTeX Font Info:    Checking defaults for U/cmr/m/n on input line 98.
LaTeX Font Info:    ... okay on input line 98.
LaTeX Font Info:    Checking defaults for PD1/pdf/m/n on input line 98.
LaTeX Font Info:    ... okay on input line 98.

(/usr/local/texlive/2014/texmf-dist/tex/context/base/supp-pdf.mkii
[Loading MPS to PDF converter (version 2006.09.02).]
\scratchcounter=\count134
\scratchdimen=\dimen151
\scratchbox=\box41
\nofMPsegments=\count135
\nofMParguments=\count136
\everyMPshowfont=\toks35
\MPscratchCnt=\count137
\MPscratchDim=\dimen152
\MPnumerator=\count138
\makeMPintoPDFobject=\count139
\everyMPtoPDFconversion=\toks36
) (/usr/local/texlive/2014/texmf-dist/tex/latex/oberdiek/epstopdf-base.sty
Package: epstopdf-base 2010/02/09 v2.5 Base part for package epstopdf

(/usr/local/texlive/2014/texmf-dist/tex/latex/oberdiek/grfext.sty
Package: grfext 2010/08/19 v1.1 Manage graphics extensions (HO)
)
Package grfext Info: Graphics extension search list:
(grfext)             [.png,.pdf,.jpg,.mps,.jpeg,.jbig2,.jb2,.PNG,.PDF,.JPG,.JPE
G,.JBIG2,.JB2,.eps]
(grfext)             \AppendGraphicsExtensions on input line 452.

(/usr/local/texlive/2014/texmf-dist/tex/latex/latexconfig/epstopdf-sys.cfg
File: epstopdf-sys.cfg 2010/07/13 v1.3 Configuration of (r)epstopdf for TeX Liv
e
))
Package caption Info: Begin \AtBeginDocument code.
Package caption Info: subfig package v1.3 is loaded.
Package caption Info: float package is loaded.
Package caption Info: hyperref package is loaded.
Package caption Info: rotating package is loaded.
Package caption Info: supertabular package is loaded.
Package caption Info: End \AtBeginDocument code.
\AtBeginShipoutBox=\box42
Package hyperref Info: Link coloring OFF on input line 98.

(/usr/local/texlive/2014/texmf-dist/tex/latex/hyperref/nameref.sty
Package: nameref 2012/10/27 v2.43 Cross-referencing by name of section

(/usr/local/texlive/2014/texmf-dist/tex/generic/oberdiek/gettitlestring.sty
Package: gettitlestring 2010/12/03 v1.4 Cleanup title references (HO)
)
\c@section@level=\count140
)
LaTeX Info: Redefining \ref on input line 98.
LaTeX Info: Redefining \pageref on input line 98.
LaTeX Info: Redefining \nameref on input line 98.

(./Thesis.out) (./Thesis.out)
\@outlinefile=\write3
\openout3 = `Thesis.out'.

\openout2 = `titlepage.aux'.

 (./titlepage.tex
<./Figures/iit_logo.pdf, id=237, 523.60315pt x 553.20177pt>
File: ./Figures/iit_logo.pdf Graphic file (type pdf)

<use ./Figures/iit_logo.pdf>
Package pdftex.def Info: ./Figures/iit_logo.pdf used on input line 28.
(pdftex.def)             Requested size: 104.71877pt x 110.63838pt.


LaTeX Font Warning: Font shape `OT1/cmr/bx/sc' undefined
(Font)              using `OT1/cmr/bx/n' instead on input line 32.

[1


{/usr/local/texlive/2014/texmf-var/fonts/map/pdftex/updmap/pdftex.map} <./Figur
es/iit_logo.pdf>])
\openout2 = `certificate.aux'.

 (./certificate.tex)
Underfull \hbox (badness 10000) in paragraph at lines 13--107

 []

pdfTeX warning (ext4): destination with the same identifier (name{page.1}) has 
been already used, duplicate ignored
<to be read again> 
                   \relax 
l.107 \include{certificate}
                            [1


]
\openout2 = `abstract.aux'.

 (./abstract.tex) [2


]
\openout2 = `acknowledgement.aux'.

 (./acknowledgement.tex)
[3


] (./Thesis.toc
LaTeX Font Info:    Try loading font information for U+msa on input line 2.

(/usr/local/texlive/2014/texmf-dist/tex/latex/amsfonts/umsa.fd
File: umsa.fd 2013/01/14 v3.01 AMS symbols A
)
LaTeX Font Info:    Try loading font information for U+msb on input line 2.

(/usr/local/texlive/2014/texmf-dist/tex/latex/amsfonts/umsb.fd
File: umsb.fd 2013/01/14 v3.01 AMS symbols B
)
LaTeX Font Info:    Try loading font information for OMS+cmr on input line 33.

(/usr/local/texlive/2014/texmf-dist/tex/latex/base/omscmr.fd
File: omscmr.fd 1999/05/25 v2.5h Standard LaTeX font definitions
)
LaTeX Font Info:    Font shape `OMS/cmr/m/it' in size <12> not available
(Font)              Font shape `OMS/cmsy/m/n' tried instead on input line 33.
LaTeX Font Info:    Font shape `OMS/cmr/m/n' in size <12> not available
(Font)              Font shape `OMS/cmsy/m/n' tried instead on input line 33.
 [4



] [5])
\tf@toc=\write4
\openout4 = `Thesis.toc'.

 [6]
(./Thesis.lof [7


])
\tf@lof=\write5
\openout5 = `Thesis.lof'.

 [8] (./Thesis.lot)
\tf@lot=\write6
\openout6 = `Thesis.lot'.

 [9


]
\openout2 = `chapter1.aux'.

 (./chapter1.tex
Chapter 1.
pdfTeX warning (ext4): destination with the same identifier (name{page.1}) has 
been already used, duplicate ignored
<to be read again> 
                   \relax 
l.30 ... based control in Baadal using Floodlight}
                                                   [1





])pdfTeX warning (ext4): destination with the same identifier (name{page.2}) ha
s been already used, duplicate ignored
<to be read again> 
                   \relax 
l.137 \include{chapter1}
                         [2]
\openout2 = `chapter2.aux'.

 (./chapter2.tex
Chapter 2.
pdfTeX warning (ext4): destination with the same identifier (name{page.3}) has 
been already used, duplicate ignored
<to be read again> 
                   \relax 
l.19     \item \textbf
                      {Network Virtualisation} - it allows to have multiple ...
[3




]pdfTeX warning (ext4): destination with the same identifier (name{page.4}) has
 been already used, duplicate ignored
<to be read again> 
                   \relax 
l.39 
      [4]pdfTeX warning (ext4): destination with the same identifier (name{page
.5}) has been already used, duplicate ignored
<to be read again> 
                   \relax 
l.59 \subsection{VM-aware networking}
                                      [5]
Underfull \hbox (badness 10000) in paragraph at lines 71--71
[]|\OT1/cmr/bx/n/12 All
 []


Underfull \hbox (badness 10000) in paragraph at lines 71--71
\OT1/cmr/bx/n/12 host
 []


Overfull \hbox (5.29726pt too wide) in paragraph at lines 71--71
\OT1/cmr/bx/n/12 flood-
 []


Overfull \hbox (0.63754pt too wide) in paragraph at lines 71--71
[]|\OT1/cmr/bx/n/12 vNet
 []


Overfull \hbox (5.29726pt too wide) in paragraph at lines 71--71
\OT1/cmr/bx/n/12 flood-
 []


Underfull \hbox (badness 10000) in paragraph at lines 71--71
[]|\OT1/cmr/bx/n/12 State
 []


Underfull \hbox (badness 10000) in paragraph at lines 71--71
\OT1/cmr/bx/n/12 kept in
 []


Underfull \hbox (badness 10000) in paragraph at lines 75--75
[]|\OT1/cmr/m/n/12 VM-aware
 []


Underfull \hbox (badness 10000) in paragraph at lines 77--77
[]|\OT1/cmr/m/n/12 Only
 []


Underfull \hbox (badness 10000) in paragraph at lines 77--77
\OT1/cmr/m/n/12 to
 []


Underfull \hbox (badness 10000) in paragraph at lines 77--77
\OT1/cmr/m/n/12 some
 []


Underfull \hbox (badness 10000) in paragraph at lines 77--77
[]|\OT1/cmr/m/n/12 Multicast
 []


Overfull \hbox (59.60226pt too wide) in paragraph at lines 69--80
 [][] 
 []

pdfTeX warning (ext4): destination with the same identifier (name{page.6}) has 
been already used, duplicate ignored
<to be read again> 
                   \relax 
l.87 
      [6]
<./Figures/data_control_plane.png, id=469, 960.58875pt x 492.84125pt>
File: ./Figures/data_control_plane.png Graphic file (type png)

<use ./Figures/data_control_plane.png>
Package pdftex.def Info: ./Figures/data_control_plane.png used on input line 10
1.
(pdftex.def)             Requested size: 384.22868pt x 197.133pt.


LaTeX Warning: `h' float specifier changed to `ht'.

pdfTeX warning (ext4): destination with the same identifier (name{page.7}) has 
been already used, duplicate ignored
<to be read again> 
                   \relax 
l.109 \begin{itemize}
                      [7]
Overfull \hbox (7.53754pt too wide) in paragraph at lines 111--112
[]\OT1/cmr/m/n/12 Control plane: The data plane is con-trolled, main-tained and
 pro-grammed
 []

<./Figures/openflow.png, id=474, 933.4875pt x 573.14125pt>
File: ./Figures/openflow.png Graphic file (type png)

<use ./Figures/openflow.png>
Package pdftex.def Info: ./Figures/openflow.png used on input line 116.
(pdftex.def)             Requested size: 373.38838pt x 229.25243pt.


LaTeX Warning: `h' float specifier changed to `ht'.

pdfTeX warning (ext4): destination with the same identifier (name{page.8}) has 
been already used, duplicate ignored
<to be read again> 
                   \relax 
l.124 
       [8 <./Figures/data_control_plane.png>]pdfTeX warning (ext4): destination
 with the same identifier (name{page.9}) has been already used, duplicate ignor
ed
<to be read again> 
                   \relax 
l.131     \item A
                 ll: To all interfaces except the incoming interface. [9 <./Fig
ures/openflow.png>] [10] [11] [12] [13] [14] [15]) [16] [17]
\openout2 = `chapter3.aux'.

 (./chapter3.tex
Chapter 3.
[18




] <Baadal_architecture.png, id=551, 943.525pt x 715.67375pt>
File: Baadal_architecture.png Graphic file (type png)

<use Baadal_architecture.png>
Package pdftex.def Info: Baadal_architecture.png used on input line 27.
(pdftex.def)             Requested size: 350.99762pt x 266.23662pt.
 [19 <./Baadal_architecture.png>]
<PhysicalHost_architecture.png, id=556, 377.41pt x 412.54124pt>
File: PhysicalHost_architecture.png Graphic file (type png)

<use PhysicalHost_architecture.png>
Package pdftex.def Info: PhysicalHost_architecture.png used on input line 38.
(pdftex.def)             Requested size: 195.0pt x 213.15039pt.
) [20 <./PhysicalHost_architecture.png>]
\openout2 = `chapter4.aux'.


(./chapter4.tex
Chapter 4.
<./Figures/first_login.png, id=561, 726.715pt x 446.66875pt>
File: ./Figures/first_login.png Graphic file (type png)

<use ./Figures/first_login.png>
Package pdftex.def Info: ./Figures/first_login.png used on input line 11.
(pdftex.def)             Requested size: 324.56056pt x 199.49283pt.


Package caption Warning: The option `hypcap=true' will be ignored for this
(caption)                particular \caption on input line 12.
See the caption package documentation for explanation.

[21




 <./Figures/first_login.png>]
<./Figures/Status_VMs.png, id=568, 526.96875pt x 169.63374pt>
File: ./Figures/Status_VMs.png Graphic file (type png)

<use ./Figures/Status_VMs.png>
Package pdftex.def Info: ./Figures/Status_VMs.png used on input line 20.
(pdftex.def)             Requested size: 350.99762pt x 112.99396pt.

<./Figures/ifconfig_server.png, id=569, 733.74126pt x 942.52126pt>
File: ./Figures/ifconfig_server.png Graphic file (type png)

<use ./Figures/ifconfig_server.png>
Package pdftex.def Info: ./Figures/ifconfig_server.png used on input line 28.
(pdftex.def)             Requested size: 351.00504pt x 284.52751pt.
 [22 <./Figures/Status_VMs.png> <./Figures/ifconfig_server.png>]
<./Figures/login_controller.png, id=576, 672.5125pt x 366.36874pt>
File: ./Figures/login_controller.png Graphic file (type png)

<use ./Figures/login_controller.png>
Package pdftex.def Info: ./Figures/login_controller.png used on input line 37.
(pdftex.def)             Requested size: 351.00148pt x 142.2627pt.

<./Figures/ifconfig_controller.png, id=577, 698.61pt x 1004.75375pt>
File: ./Figures/ifconfig_controller.png Graphic file (type png)

<use ./Figures/ifconfig_controller.png>
Package pdftex.def Info: ./Figures/ifconfig_controller.png used on input line 4
4.
(pdftex.def)             Requested size: 350.99907pt x 256.06317pt.

<./Figures/web2py_processes_controller.png, id=578, 1538.74875pt x 171.64125pt>
File: ./Figures/web2py_processes_controller.png Graphic file (type png)
<use ./Figures/web2py_processes_controller.png>
Package pdftex.def Info: ./Figures/web2py_processes_controller.png used on inpu
t line 50.
(pdftex.def)             Requested size: 350.99762pt x 39.15189pt.
 [23 <./Figures/login_controller.png> <./Figures/ifconfig_controller.png>]
<./Figures/login_nat.png, id=584, 712.6625pt x 353.32pt>
File: ./Figures/login_nat.png Graphic file (type png)

<use ./Figures/login_nat.png>
Package pdftex.def Info: ./Figures/login_nat.png used on input line 59.
(pdftex.def)             Requested size: 350.99762pt x 174.01247pt.

<./Figures/ifconfig_nat.png, id=585, 693.59125pt x 1004.75375pt>
File: ./Figures/ifconfig_nat.png Graphic file (type png)

<use ./Figures/ifconfig_nat.png>
Package pdftex.def Info: ./Figures/ifconfig_nat.png used on input line 65.
(pdftex.def)             Requested size: 324.56056pt x 470.17995pt.


Package caption Warning: The option `hypcap=true' will be ignored for this
(caption)                particular \caption on input line 66.
See the caption package documentation for explanation.

[24 <./Figures/web2py_processes_controller.png> <./Figures/login_nat.png>]
<./Figures/login_host_6.png, id=592, 672.5125pt x 116.435pt>
File: ./Figures/login_host_6.png Graphic file (type png)

<use ./Figures/login_host_6.png>
Package pdftex.def Info: ./Figures/login_host_6.png used on input line 73.
(pdftex.def)             Requested size: 324.56056pt x 56.19196pt.


Package caption Warning: The option `hypcap=true' will be ignored for this
(caption)                particular \caption on input line 74.
See the caption package documentation for explanation.

<./Figures/ifconfig_host6.png, id=593, 659.46375pt x 924.45375pt>
File: ./Figures/ifconfig_host6.png Graphic file (type png)

<use ./Figures/ifconfig_host6.png>
Package pdftex.def Info: ./Figures/ifconfig_host6.png used on input line 81.
(pdftex.def)             Requested size: 324.56056pt x 454.98935pt.


Package caption Warning: The option `hypcap=true' will be ignored for this
(caption)                particular \caption on input line 82.
See the caption package documentation for explanation.

<./Figures/login_host7.png, id=594, 639.38875pt x 117.43875pt>
File: ./Figures/login_host7.png Graphic file (type png)

<use ./Figures/login_host7.png>
Package pdftex.def Info: ./Figures/login_host7.png used on input line 88.
(pdftex.def)             Requested size: 350.99762pt x 64.46964pt.
 [25 <./Figures/ifconfig_nat.png> <./Figures/login_host_6.png>]
<./Figures/ifconfig_host7.png, id=600, 641.39626pt x 997.7275pt>
File: ./Figures/ifconfig_host7.png Graphic file (type png)

<use ./Figures/ifconfig_host7.png>
Package pdftex.def Info: ./Figures/ifconfig_host7.png used on input line 95.
(pdftex.def)             Requested size: 324.56056pt x 504.87602pt.


Package caption Warning: The option `hypcap=true' will be ignored for this
(caption)                particular \caption on input line 96.
See the caption package documentation for explanation.

[26 <./Figures/ifconfig_host6.png> <./Figures/login_host7.png>]
<./Figures/host6_VMs_shutoff.png, id=605, 526.96875pt x 114.4275pt>
File: ./Figures/host6_VMs_shutoff.png Graphic file (type png)

<use ./Figures/host6_VMs_shutoff.png>
Package pdftex.def Info: ./Figures/host6_VMs_shutoff.png used on input line 103
.
(pdftex.def)             Requested size: 324.56056pt x 70.47986pt.


Package caption Warning: The option `hypcap=true' will be ignored for this
(caption)                particular \caption on input line 104.
See the caption package documentation for explanation.

[27 <./Figures/ifconfig_host7.png>]
<./Figures/host6_VMs_start.png, id=612, 519.9425pt x 162.6075pt>
File: ./Figures/host6_VMs_start.png Graphic file (type png)

<use ./Figures/host6_VMs_start.png>
Package pdftex.def Info: ./Figures/host6_VMs_start.png used on input line 109.
(pdftex.def)             Requested size: 324.56056pt x 101.50288pt.


Package caption Warning: The option `hypcap=true' will be ignored for this
(caption)                particular \caption on input line 110.
See the caption package documentation for explanation.

<./Figures/host6_VMs_running.png, id=613, 526.96875pt x 130.4875pt>
File: ./Figures/host6_VMs_running.png Graphic file (type png)

<use ./Figures/host6_VMs_running.png>
Package pdftex.def Info: ./Figures/host6_VMs_running.png used on input line 115
.
(pdftex.def)             Requested size: 324.56056pt x 80.37177pt.


Package caption Warning: The option `hypcap=true' will be ignored for this
(caption)                particular \caption on input line 116.
See the caption package documentation for explanation.

<./Figures/host7_VMs_shutoff.png, id=614, 525.965pt x 166.6225pt>
File: ./Figures/host7_VMs_shutoff.png Graphic file (type png)

<use ./Figures/host7_VMs_shutoff.png>
Package pdftex.def Info: ./Figures/host7_VMs_shutoff.png used on input line 123
.
(pdftex.def)             Requested size: 324.56056pt x 102.82181pt.


Package caption Warning: The option `hypcap=true' will be ignored for this
(caption)                particular \caption on input line 124.
See the caption package documentation for explanation.

<./Figures/host7_startinVMs.png, id=615, 589.20125pt x 227.85126pt>
File: ./Figures/host7_startinVMs.png Graphic file (type png)

<use ./Figures/host7_startinVMs.png>
Package pdftex.def Info: ./Figures/host7_startinVMs.png used on input line 130.

(pdftex.def)             Requested size: 324.56056pt x 125.51326pt.


Package caption Warning: The option `hypcap=true' will be ignored for this
(caption)                particular \caption on input line 131.
See the caption package documentation for explanation.

[28 <./Figures/host6_VMs_shutoff.png> <./Figures/host6_VMs_start.png> <./Figure
s/host6_VMs_running.png> <./Figures/host7_VMs_shutoff.png>]
<./Figures/host7_VMs_running.png, id=621, 494.84875pt x 144.54pt>
File: ./Figures/host7_VMs_running.png Graphic file (type png)

<use ./Figures/host7_VMs_running.png>
Package pdftex.def Info: ./Figures/host7_VMs_running.png used on input line 136
.
(pdftex.def)             Requested size: 324.56056pt x 94.8012pt.


Package caption Warning: The option `hypcap=true' will be ignored for this
(caption)                particular \caption on input line 137.
See the caption package documentation for explanation.


<./Figures/virt_viewer_host7_ifconfig_425.png, id=622, 1069.9975pt x 1056.94875
pt>
File: ./Figures/virt_viewer_host7_ifconfig_425.png Graphic file (type png)
 <use ./Figures/virt_viewer_host7_ifconfig_425.png>
Package pdftex.def Info: ./Figures/virt_viewer_host7_ifconfig_425.png used on i
nput line 145.
(pdftex.def)             Requested size: 324.56056pt x 320.6029pt.


Package caption Warning: The option `hypcap=true' will be ignored for this
(caption)                particular \caption on input line 146.
See the caption package documentation for explanation.

[29 <./Figures/host7_startinVMs.png> <./Figures/host7_VMs_running.png>])
[30 <./Figures/virt_viewer_host7_ifconfig_425.png>]
\openout2 = `chapter5.aux'.

 (./chapter5.tex
Chapter 5.
Missing character: There is no â in font cmr12!
Missing character: There is no € in font cmr12!
Missing character: There is no “ in font cmr12!
Missing character: There is no â in font cmr12!
Missing character: There is no € in font cmr12!
Missing character: There is no “ in font cmr12!
Missing character: There is no â in font cmr12!
Missing character: There is no € in font cmr12!
Missing character: There is no “ in font cmr12!
<Floodlight_architecture.png, id=632, 844.15375pt x 520.94624pt>
File: Floodlight_architecture.png Graphic file (type png)

<use Floodlight_architecture.png>
Package pdftex.def Info: Floodlight_architecture.png used on input line 24.
(pdftex.def)             Requested size: 350.99762pt x 216.60995pt.


LaTeX Warning: `h' float specifier changed to `ht'.


Overfull \hbox (2.98575pt too wide) in paragraph at lines 28--29
\OT1/cmr/m/n/12 baadal. Baadal sand-box pro-vides an en-vi-ron-ment by repli-ca
t-ing ac-tual Baadal
 []

[31




] <baadal_networking_diagram.png, id=637, 1281.78876pt x 745.78625pt>
File: baadal_networking_diagram.png Graphic file (type png)

<use baadal_networking_diagram.png>
Package pdftex.def Info: baadal_networking_diagram.png used on input line 35.
(pdftex.def)             Requested size: 350.99762pt x 204.2213pt.


LaTeX Warning: `h' float specifier changed to `ht'.

[32 <./Floodlight_architecture.png>]
<Samehost_SameVLAN.jpg, id=642, 1106.1325pt x 885.3075pt>
File: Samehost_SameVLAN.jpg Graphic file (type jpg)

<use Samehost_SameVLAN.jpg>
Package pdftex.def Info: Samehost_SameVLAN.jpg used on input line 68.
(pdftex.def)             Requested size: 350.99762pt x 280.92665pt.


LaTeX Warning: `h' float specifier changed to `ht'.

[33 <./baadal_networking_diagram.png>]
<Differenthost_sameVLAN.jpg, id=649, 1106.1325pt x 885.3075pt>
File: Differenthost_sameVLAN.jpg Graphic file (type jpg)

<use Differenthost_sameVLAN.jpg>
Package pdftex.def Info: Differenthost_sameVLAN.jpg used on input line 89.
(pdftex.def)             Requested size: 390.0pt x 312.13171pt.


LaTeX Warning: `h' float specifier changed to `ht'.

[34 <./Samehost_SameVLAN.jpg>]
<Samehost_differentvLan.jpg, id=654, 1106.1325pt x 885.3075pt>
File: Samehost_differentvLan.jpg Graphic file (type jpg)

<use Samehost_differentvLan.jpg>
Package pdftex.def Info: Samehost_differentvLan.jpg used on input line 107.
(pdftex.def)             Requested size: 390.0pt x 312.13171pt.


LaTeX Warning: `h' float specifier changed to `ht'.

[35 <./Differenthost_sameVLAN.jpg>]
<Differenthost_differentvLan.jpg, id=659, 1106.1325pt x 885.3075pt>
File: Differenthost_differentvLan.jpg Graphic file (type jpg)

<use Differenthost_differentvLan.jpg>
Package pdftex.def Info: Differenthost_differentvLan.jpg used on input line 120
.
(pdftex.def)             Requested size: 390.0pt x 312.13171pt.


LaTeX Warning: `h' float specifier changed to `ht'.

[36 <./Samehost_differentvLan.jpg>] [37 <./Differenthost_differentvLan.jpg>]
[38]
Overfull \hbox (6.66974pt too wide) in paragraph at lines 181--181
 |[]\OT1/cmr/bx/n/17.28 Application that we are work-ing on: Func-
 []

[39] [40] [41]
Overfull \hbox (4.09683pt too wide) in paragraph at lines 257--258
[]\OT1/cmr/bx/n/12 addIpToTag() \OT1/cmr/m/n/12 adds en-tries for map-ping be-t
ween IP ad-dress and VLAN
 []

<Samehost_SamevLan_SDN.jpg, id=690, 1106.1325pt x 885.3075pt>
File: Samehost_SamevLan_SDN.jpg Graphic file (type jpg)

<use Samehost_SamevLan_SDN.jpg>
Package pdftex.def Info: Samehost_SamevLan_SDN.jpg used on input line 276.
(pdftex.def)             Requested size: 350.99762pt x 280.92665pt.


LaTeX Warning: `h' float specifier changed to `ht'.


Package Fancyhdr Warning: \headheight is too small (14.5pt): 
 Make it at least 27.18335pt.
 We now make it that large for the rest of the document.
 This may cause the page layout to be inconsistent, however.

[42] <Samehost_differentvLan_SDN.jpg, id=695, 1106.1325pt x 885.3075pt>
File: Samehost_differentvLan_SDN.jpg Graphic file (type jpg)

<use Samehost_differentvLan_SDN.jpg>
Package pdftex.def Info: Samehost_differentvLan_SDN.jpg used on input line 288.

(pdftex.def)             Requested size: 350.99762pt x 280.92665pt.


LaTeX Warning: `h' float specifier changed to `ht'.

[43 <./Samehost_SamevLan_SDN.jpg>]
<Differenthost_differentvLan_SDN.jpg, id=701, 1106.1325pt x 885.3075pt>
File: Differenthost_differentvLan_SDN.jpg Graphic file (type jpg)

<use Differenthost_differentvLan_SDN.jpg>
Package pdftex.def Info: Differenthost_differentvLan_SDN.jpg used on input line
 300.
(pdftex.def)             Requested size: 350.99762pt x 280.92665pt.


LaTeX Warning: `h' float specifier changed to `ht'.

[44 <./Samehost_differentvLan_SDN.jpg>]
<Differenthost_SamevLan_SDN.jpg, id=706, 1106.1325pt x 885.3075pt>
File: Differenthost_SamevLan_SDN.jpg Graphic file (type jpg)

<use Differenthost_SamevLan_SDN.jpg>
Package pdftex.def Info: Differenthost_SamevLan_SDN.jpg used on input line 313.

(pdftex.def)             Requested size: 350.99762pt x 280.92665pt.


LaTeX Warning: `h' float specifier changed to `ht'.

[45 <./Differenthost_differentvLan_SDN.jpg>] [46 <./Differenthost_SamevLan_SDN.
jpg>] [47] [48]

LaTeX Warning: Float too large for page by 12.63802pt on input line 466.

) [49] [50] [51]
\openout2 = `chapter6.aux'.

 (./chapter6.tex
Chapter 6.

Overfull \hbox (17.58969pt too wide) in paragraph at lines 9--9
 |[]\OT1/cmr/bx/n/17.28 Comparison of SDN based so-lu-tion in terms
 []

<./Figures/same_host_same_vlan.png, id=749, 858.5676pt x 445.9059pt>
File: ./Figures/same_host_same_vlan.png Graphic file (type png)

<use ./Figures/same_host_same_vlan.png>
Package pdftex.def Info: ./Figures/same_host_same_vlan.png used on input line 1
6.
(pdftex.def)             Requested size: 312.97499pt x 156.49124pt.
 [52




]
<./Figures/different_host_same_vlan.png, id=758, 858.5676pt x 445.9059pt>
File: ./Figures/different_host_same_vlan.png Graphic file (type png)

<use ./Figures/different_host_same_vlan.png>
Package pdftex.def Info: ./Figures/different_host_same_vlan.png used on input l
ine 25.
(pdftex.def)             Requested size: 312.97499pt x 199.17253pt.
 [53 <./Figures/same_host_same_vlan.png>]
<./Figures/same_host_different_vlan.png, id=765, 858.5676pt x 445.9059pt>
File: ./Figures/same_host_different_vlan.png Graphic file (type png)

<use ./Figures/same_host_different_vlan.png>
Package pdftex.def Info: ./Figures/same_host_different_vlan.png used on input l
ine 36.
(pdftex.def)             Requested size: 390.0pt x 202.5473pt.
 [54 <./Figures/different_host_same_vlan.png>]
<./Figures/different_host_different_vlan.png, id=772, 858.5676pt x 445.9059pt>
File: ./Figures/different_host_different_vlan.png Graphic file (type png)

<use ./Figures/different_host_different_vlan.png>
Package pdftex.def Info: ./Figures/different_host_different_vlan.png used on in
put line 47.
(pdftex.def)             Requested size: 390.0pt x 202.5473pt.


LaTeX Warning: `h' float specifier changed to `ht'.

<./Figures/vm_heatmap.png, id=773, 858.5676pt x 445.9059pt>
File: ./Figures/vm_heatmap.png Graphic file (type png)

<use ./Figures/vm_heatmap.png>
Package pdftex.def Info: ./Figures/vm_heatmap.png used on input line 56.
(pdftex.def)             Requested size: 350.99762pt x 182.29189pt.


LaTeX Warning: `h' float specifier changed to `ht'.

<./Figures/host_heatmap_before.png, id=774, 858.5676pt x 445.9059pt>
File: ./Figures/host_heatmap_before.png Graphic file (type png)

<use ./Figures/host_heatmap_before.png>
Package pdftex.def Info: ./Figures/host_heatmap_before.png used on input line 6
2.
(pdftex.def)             Requested size: 350.99762pt x 182.29189pt.


LaTeX Warning: `h' float specifier changed to `ht'.

<./Figures/host_heatmap_after.png, id=775, 858.5676pt x 445.9059pt>
File: ./Figures/host_heatmap_after.png Graphic file (type png)

<use ./Figures/host_heatmap_after.png>
Package pdftex.def Info: ./Figures/host_heatmap_after.png used on input line 68
.
(pdftex.def)             Requested size: 350.99762pt x 182.29189pt.


LaTeX Warning: `h' float specifier changed to `ht'.

<./Figures/bandwidth_migration.png, id=776, 858.5676pt x 445.9059pt>
File: ./Figures/bandwidth_migration.png Graphic file (type png)

<use ./Figures/bandwidth_migration.png>
Package pdftex.def Info: ./Figures/bandwidth_migration.png used on input line 7
4.
(pdftex.def)             Requested size: 350.99762pt x 182.29189pt.


LaTeX Warning: `h' float specifier changed to `ht'.

[55 <./Figures/same_host_different_vlan.png>] [56 <./Figures/different_host_dif
ferent_vlan.png>] [57 <./Figures/vm_heatmap.png>]) [58 <./Figures/host_heatmap_
before.png>] [59 <./Figures/host_heatmap_after.png> <./Figures/bandwidth_migrat
ion.png>] (./Thesis.bbl [60



])
Package atveryend Info: Empty hook `BeforeClearDocument' on input line 155.
 [61]
Package atveryend Info: Empty hook `AfterLastShipout' on input line 155.
 (./Thesis.aux (./titlepage.aux)
(./certificate.aux) (./abstract.aux) (./acknowledgement.aux) (./chapter1.aux)
(./chapter2.aux) (./chapter3.aux) (./chapter4.aux) (./chapter5.aux)
(./chapter6.aux))
Package atveryend Info: Executing hook `AtVeryEndDocument' on input line 155.
Package atveryend Info: Executing hook `AtEndAfterFileList' on input line 155.
Package rerunfilecheck Info: File `Thesis.out' has not changed.
(rerunfilecheck)             Checksum: AAA60AD6AD1E32ABF9EA949F9604CFAE;4450.


LaTeX Font Warning: Some font shapes were not available, defaults substituted.

Package atveryend Info: Empty hook `AtVeryVeryEnd' on input line 155.
 ) 
Here is how much of TeX's memory you used:
 10298 strings out of 493117
 153908 string characters out of 6135433
 361725 words of memory out of 5000000
 13282 multiletter control sequences out of 15000+600000
 13472 words of font info for 49 fonts, out of 8000000 for 9000
 1141 hyphenation exceptions out of 8191
 44i,27n,48p,1161b,584s stack positions out of 5000i,500n,10000p,200000b,80000s
</usr/local/texlive/2014/texmf-dist/fonts/type1/public/amsfonts/cm/cmbx12.pfb
></usr/local/texlive/2014/texmf-dist/fonts/type1/public/amsfonts/cm/cmbxti10.pf
b></usr/local/texlive/2014/texmf-dist/fonts/type1/public/amsfonts/cm/cmr12.pfb>
</usr/local/texlive/2014/texmf-dist/fonts/type1/public/amsfonts/cm/cmr17.pfb></
usr/local/texlive/2014/texmf-dist/fonts/type1/public/amsfonts/cm/cmssbx10.pfb><
/usr/local/texlive/2014/texmf-dist/fonts/type1/public/amsfonts/cm/cmsy10.pfb></
usr/local/texlive/2014/texmf-dist/fonts/type1/public/amsfonts/cm/cmti12.pfb></u
sr/local/texlive/2014/texmf-dist/fonts/type1/public/amsfonts/cm/cmtt12.pfb>
Output written on Thesis.pdf (71 pages, 4742157 bytes).
PDF statistics:
 899 PDF objects out of 1000 (max. 8388607)
 756 compressed objects within 8 object streams
 217 named destinations out of 1000 (max. 500000)
 675 words of extra memory for PDF output out of 10000 (max. 10000000)

